<?xml version="1.0" encoding="UTF-8"?>
<testng-results skipped="0" failed="0" ignored="0" total="1" passed="1">
  <reporter-output>
  </reporter-output>
  <suite name="Default suite" duration-ms="28036" started-at="2019-03-20T09:16:25Z" finished-at="2019-03-20T09:16:53Z">
    <groups>
    </groups>
    <test name="Default test" duration-ms="28036" started-at="2019-03-20T09:16:25Z" finished-at="2019-03-20T09:16:53Z">
      <class name="core.GetVariants">
        <test-method status="PASS" signature="setup()[pri:0, instance:core.GetVariants@51565ec2]" name="setup" is-config="true" duration-ms="10187" started-at="2019-03-20T14:46:25Z" finished-at="2019-03-20T14:46:35Z">
          <reporter-output>
          </reporter-output>
        </test-method> <!-- setup -->
        <test-method status="PASS" signature="getDiesel()[pri:1, instance:core.GetVariants@51565ec2]" name="getDiesel" duration-ms="17820" started-at="2019-03-20T14:46:35Z" finished-at="2019-03-20T14:46:53Z">
          <reporter-output>
          </reporter-output>
        </test-method> <!-- getDiesel -->
      </class> <!-- core.GetVariants -->
    </test> <!-- Default test -->
  </suite> <!-- Default suite -->
</testng-results>
