<?xml version="1.0" encoding="UTF-8"?>
<testng-results skipped="0" failed="0" ignored="0" total="1" passed="1">
  <reporter-output>
  </reporter-output>
  <suite name="Default suite" duration-ms="5397" started-at="2019-05-13T12:00:10Z" finished-at="2019-05-13T12:00:15Z">
    <groups>
    </groups>
    <test name="Default test" duration-ms="5397" started-at="2019-05-13T12:00:10Z" finished-at="2019-05-13T12:00:15Z">
      <class name="core.AckoTWcompare">
        <test-method status="PASS" signature="setup()[pri:0, instance:core.AckoTWcompare@6767c1fc]" name="setup" is-config="true" duration-ms="4959" started-at="2019-05-13T17:30:10Z" finished-at="2019-05-13T17:30:15Z">
          <reporter-output>
          </reporter-output>
        </test-method> <!-- setup -->
        <test-method status="PASS" signature="getDiesel()[pri:1, instance:core.AckoTWcompare@6767c1fc]" name="getDiesel" duration-ms="415" started-at="2019-05-13T17:30:15Z" finished-at="2019-05-13T17:30:15Z">
          <reporter-output>
          </reporter-output>
        </test-method> <!-- getDiesel -->
      </class> <!-- core.AckoTWcompare -->
    </test> <!-- Default test -->
  </suite> <!-- Default suite -->
</testng-results>
